#! /usr/local/Cellar/icarus-verilog/10.3/bin/vvp
:ivl_version "10.3 (stable)" "(v10_3)";
:ivl_delay_selection "TYPICAL";
:vpi_time_precision + 0;
:vpi_module "system";
:vpi_module "vhdl_sys";
:vpi_module "v2005_math";
:vpi_module "va_math";
S_0x7f8d2a403b80 .scope module, "labM" "labM" 2 1;
 .timescale 0 0;
v0x7f8d2a414790_0 .var "address", 31 0;
v0x7f8d2a414820_0 .var "clk", 0 0;
v0x7f8d2a4148b0_0 .var "memIn", 31 0;
v0x7f8d2a414960_0 .net "memOut", 31 0, v0x7f8d2a4144b0_0;  1 drivers
v0x7f8d2a414a10_0 .var "read", 0 0;
v0x7f8d2a414ae0_0 .var "write", 0 0;
S_0x7f8d2a403ce0 .scope module, "data" "mem" 2 6, 3 1 0, S_0x7f8d2a403b80;
 .timescale 0 0;
    .port_info 0 /OUTPUT 32 "memOut"
    .port_info 1 /INPUT 32 "address"
    .port_info 2 /INPUT 32 "memIn"
    .port_info 3 /INPUT 1 "clk"
    .port_info 4 /INPUT 1 "read"
    .port_info 5 /INPUT 1 "write"
P_0x7f8d2a403e40 .param/l "CAPACITY" 0 3 9, C4<1111111111111111>;
P_0x7f8d2a403e80 .param/l "DEBUG" 0 3 7, +C4<00000000000000000000000000000000>;
v0x7f8d2a4040e0_0 .net *"_s3", 31 0, L_0x7f8d2a414b90;  1 drivers
v0x7f8d2a4141a0_0 .net "address", 31 0, v0x7f8d2a414790_0;  1 drivers
v0x7f8d2a414240 .array "arr", 65535 0, 31 0;
v0x7f8d2a4142d0_0 .net "clk", 0 0, v0x7f8d2a414820_0;  1 drivers
v0x7f8d2a414360_0 .var "fresh", 0 0;
v0x7f8d2a414400_0 .net "memIn", 31 0, v0x7f8d2a4148b0_0;  1 drivers
v0x7f8d2a4144b0_0 .var "memOut", 31 0;
v0x7f8d2a414560_0 .net "read", 0 0, v0x7f8d2a414a10_0;  1 drivers
v0x7f8d2a414600_0 .net "write", 0 0, v0x7f8d2a414ae0_0;  1 drivers
E_0x7f8d2a404040 .event posedge, v0x7f8d2a4142d0_0;
E_0x7f8d2a404090 .event edge, L_0x7f8d2a414b90, v0x7f8d2a4141a0_0, v0x7f8d2a414560_0;
L_0x7f8d2a414b90 .array/port v0x7f8d2a414240, v0x7f8d2a414790_0;
    .scope S_0x7f8d2a403ce0;
T_0 ;
    %pushi/vec4 1, 0, 1;
    %store/vec4 v0x7f8d2a414360_0, 0, 1;
    %end;
    .thread T_0;
    .scope S_0x7f8d2a403ce0;
T_1 ;
    %wait E_0x7f8d2a404090;
    %load/vec4 v0x7f8d2a414360_0;
    %pad/u 32;
    %cmpi/e 1, 0, 32;
    %jmp/0xz  T_1.0, 4;
    %pushi/vec4 0, 0, 1;
    %store/vec4 v0x7f8d2a414360_0, 0, 1;
    %vpi_call 3 22 "$readmemh", "ram.dat", v0x7f8d2a414240 {0 0 0};
T_1.0 ;
    %load/vec4 v0x7f8d2a414560_0;
    %pad/u 32;
    %cmpi/e 1, 0, 32;
    %jmp/0xz  T_1.2, 4;
    %load/vec4 v0x7f8d2a4141a0_0;
    %parti/s 2, 0, 2;
    %cmpi/ne 0, 0, 2;
    %jmp/0xz  T_1.4, 4;
    %pushi/vec4 4294967295, 4294967295, 32;
    %store/vec4 v0x7f8d2a4144b0_0, 0, 32;
    %jmp T_1.5;
T_1.4 ;
    %pushi/vec4 65535, 0, 32;
    %load/vec4 v0x7f8d2a4141a0_0;
    %cmp/u;
    %jmp/0xz  T_1.6, 5;
    %pushi/vec4 4294967295, 4294967295, 32;
    %store/vec4 v0x7f8d2a4144b0_0, 0, 32;
    %jmp T_1.7;
T_1.6 ;
    %ix/getv 4, v0x7f8d2a4141a0_0;
    %load/vec4a v0x7f8d2a414240, 4;
    %store/vec4 v0x7f8d2a4144b0_0, 0, 32;
T_1.7 ;
T_1.5 ;
T_1.2 ;
    %jmp T_1;
    .thread T_1, $push;
    .scope S_0x7f8d2a403ce0;
T_2 ;
    %wait E_0x7f8d2a404040;
    %load/vec4 v0x7f8d2a414600_0;
    %pad/u 32;
    %cmpi/e 1, 0, 32;
    %jmp/0xz  T_2.0, 4;
    %load/vec4 v0x7f8d2a4141a0_0;
    %parti/s 2, 0, 2;
    %cmpi/ne 0, 0, 2;
    %jmp/0xz  T_2.2, 4;
    %jmp T_2.3;
T_2.2 ;
    %pushi/vec4 65535, 0, 32;
    %load/vec4 v0x7f8d2a4141a0_0;
    %cmp/u;
    %jmp/0xz  T_2.4, 5;
    %vpi_call 3 54 "$display", "Address %d out of range %d", v0x7f8d2a4141a0_0, P_0x7f8d2a403e40 {0 0 0};
    %jmp T_2.5;
T_2.4 ;
    %load/vec4 v0x7f8d2a414400_0;
    %ix/getv 3, v0x7f8d2a4141a0_0;
    %ix/load 4, 0, 0; Constant delay
    %assign/vec4/a/d v0x7f8d2a414240, 0, 4;
T_2.5 ;
T_2.3 ;
T_2.0 ;
    %jmp T_2;
    .thread T_2;
    .scope S_0x7f8d2a403b80;
T_3 ;
    %pushi/vec4 40, 0, 32;
    %store/vec4 v0x7f8d2a414790_0, 0, 32;
    %pushi/vec4 0, 0, 1;
    %store/vec4 v0x7f8d2a414ae0_0, 0, 1;
    %pushi/vec4 1, 0, 1;
    %store/vec4 v0x7f8d2a414a10_0, 0, 1;
    %pushi/vec4 11, 0, 32;
T_3.0 %dup/vec4;
    %pushi/vec4 0, 0, 32;
    %cmp/s;
    %jmp/1xz T_3.1, 5;
    %jmp/1 T_3.1, 4;
    %pushi/vec4 1, 0, 32;
    %sub;
    %delay 1, 0;
    %vpi_call 2 17 "$display", "Address %h contains %h", v0x7f8d2a414790_0, v0x7f8d2a414960_0 {0 0 0};
    %load/vec4 v0x7f8d2a414790_0;
    %addi 4, 0, 32;
    %store/vec4 v0x7f8d2a414790_0, 0, 32;
    %jmp T_3.0;
T_3.1 ;
    %pop/vec4 1;
    %vpi_call 2 21 "$finish" {0 0 0};
    %end;
    .thread T_3;
# The file index is used to find the file name in the following table.
:file_names 4;
    "N/A";
    "<interactive>";
    "LabM5.v";
    "mem.v";
